This file contains any messages produced by compilers while
running configure, to aid debugging if configure makes a mistake.

It was created by cpuminer-multi configure 1.3-dev, which was
generated by GNU Autoconf 2.69.  Invocation command line was

  $ ./configure --with-crypto --with-curl --host=arm-linux-gnu CFLAGS=-O3 -march=armv8-a+simd+fp+crypto -mcpu=cortex-a53 -mtune=cortex-a53 -funsafe-math-optimizations -mfix-cortex-a53-835769 -fvariable-expansion-in-unroller -fwhole-program -Ofast -flto -fuse-linker-plugin -ftree-loop-if-convert-stores -funwind-tables -Wall -D_REENTRANT -funroll-loops -fvariable-expansion-in-unroller -fmerge-all-constants -fbranch-target-load-optimize2 -fsched2-use-superblocks -falign-loops=16 -falign-functions=16 -falign-jumps=16 -falign-labels=16

## --------- ##
## Platform. ##
## --------- ##

hostname = amlogic_miner
uname -m = aarch64
uname -r = 3.14.29
uname -s = Linux
uname -v = #14 SMP PREEMPT Thu Mar 23 15:42:08 MSK 2017

/usr/bin/uname -p = unknown
/bin/uname -X     = unknown

/bin/arch              = unknown
/usr/bin/arch -k       = unknown
/usr/convex/getsysinfo = unknown
/usr/bin/hostinfo      = unknown
/bin/machine           = unknown
/usr/bin/oslevel       = unknown
/bin/universe          = unknown

PATH: /usr/local/sbin
PATH: /usr/local/bin
PATH: /usr/sbin
PATH: /usr/bin
PATH: /sbin
PATH: /bin


## ----------- ##
## Core tests. ##
## ----------- ##

configure:2398: checking build system type
configure:2412: result: aarch64-unknown-linux-gnu
configure:2432: checking host system type
configure:2445: result: arm-unknown-linux-gnu
configure:2465: checking target system type
configure:2478: result: arm-unknown-linux-gnu
configure:2526: checking for a BSD-compatible install
configure:2594: result: /usr/bin/install -c
configure:2605: checking whether build environment is sane
configure:2660: result: yes
configure:2719: checking for arm-linux-gnu-strip
configure:2749: result: no
configure:2759: checking for strip
configure:2775: found /usr/bin/strip
configure:2786: result: strip
configure:2811: checking for a thread-safe mkdir -p
configure:2850: result: /bin/mkdir -p
configure:2857: checking for gawk
configure:2873: found /usr/bin/gawk
configure:2884: result: gawk
configure:2895: checking whether make sets $(MAKE)
configure:2917: result: yes
configure:2946: checking whether make supports nested variables
configure:2963: result: yes
configure:3091: checking whether to enable maintainer-specific portions of Makefiles
configure:3100: result: no
configure:3126: checking for style of include used by make
configure:3154: result: GNU
configure:3185: checking for arm-linux-gnu-gcc
configure:3215: result: no
configure:3225: checking for gcc
configure:3241: found /usr/bin/gcc
configure:3252: result: gcc
configure:3481: checking for C compiler version
configure:3490: gcc --version >&5
gcc (Debian/Linaro 4.9.2-10) 4.9.2
Copyright (C) 2014 Free Software Foundation, Inc.
This is free software; see the source for copying conditions.  There is NO
warranty; not even for MERCHANTABILITY or FITNESS FOR A PARTICULAR PURPOSE.

configure:3501: $? = 0
configure:3490: gcc -v >&5
Using built-in specs.
COLLECT_GCC=gcc
COLLECT_LTO_WRAPPER=/usr/lib/gcc/aarch64-linux-gnu/4.9/lto-wrapper
Target: aarch64-linux-gnu
Configured with: ../src/configure -v --with-pkgversion='Debian/Linaro 4.9.2-10' --with-bugurl=file:///usr/share/doc/gcc-4.9/README.Bugs --enable-languages=c,c++,java,go,d,fortran,objc,obj-c++ --prefix=/usr --program-suffix=-4.9 --enable-shared --enable-linker-build-id --libexecdir=/usr/lib --without-included-gettext --enable-threads=posix --with-gxx-include-dir=/usr/include/c++/4.9 --libdir=/usr/lib --enable-nls --with-sysroot=/ --enable-clocale=gnu --enable-libstdcxx-debug --enable-libstdcxx-time=yes --enable-gnu-unique-object --disable-libsanitizer --disable-libquadmath --enable-plugin --with-system-zlib --disable-browser-plugin --enable-java-awt=gtk --enable-gtk-cairo --with-java-home=/usr/lib/jvm/java-1.5.0-gcj-4.9-arm64/jre --enable-java-home --with-jvm-root-dir=/usr/lib/jvm/java-1.5.0-gcj-4.9-arm64 --with-jvm-jar-dir=/usr/lib/jvm-exports/java-1.5.0-gcj-4.9-arm64 --with-arch-directory=arm64 --with-ecj-jar=/usr/share/java/eclipse-ecj.jar --enable-multiarch --enable-checking=release --build=aarch64-linux-gnu --host=aarch64-linux-gnu --target=aarch64-linux-gnu
Thread model: posix
gcc version 4.9.2 (Debian/Linaro 4.9.2-10) 
configure:3501: $? = 0
configure:3490: gcc -V >&5
gcc: error: unrecognized command line option '-V'
gcc: fatal error: no input files
compilation terminated.
configure:3501: $? = 4
configure:3490: gcc -qversion >&5
gcc: error: unrecognized command line option '-qversion'
gcc: fatal error: no input files
compilation terminated.
configure:3501: $? = 4
configure:3521: checking whether the C compiler works
configure:3543: gcc -O3 -march=armv8-a+simd+fp+crypto -mcpu=cortex-a53 -mtune=cortex-a53 -funsafe-math-optimizations -mfix-cortex-a53-835769 -fvariable-expansion-in-unroller -fwhole-program -Ofast -flto -fuse-linker-plugin -ftree-loop-if-convert-stores -funwind-tables -Wall -D_REENTRANT -funroll-loops -fvariable-expansion-in-unroller -fmerge-all-constants -fbranch-target-load-optimize2 -fsched2-use-superblocks -falign-loops=16 -falign-functions=16 -falign-jumps=16 -falign-labels=16   conftest.c  >&5
configure:3547: $? = 0
configure:3595: result: yes
configure:3598: checking for C compiler default output file name
configure:3600: result: a.out
configure:3606: checking for suffix of executables
configure:3613: gcc -o conftest -O3 -march=armv8-a+simd+fp+crypto -mcpu=cortex-a53 -mtune=cortex-a53 -funsafe-math-optimizations -mfix-cortex-a53-835769 -fvariable-expansion-in-unroller -fwhole-program -Ofast -flto -fuse-linker-plugin -ftree-loop-if-convert-stores -funwind-tables -Wall -D_REENTRANT -funroll-loops -fvariable-expansion-in-unroller -fmerge-all-constants -fbranch-target-load-optimize2 -fsched2-use-superblocks -falign-loops=16 -falign-functions=16 -falign-jumps=16 -falign-labels=16   conftest.c  >&5
configure:3617: $? = 0
configure:3639: result: 
configure:3661: checking whether we are cross compiling
configure:3669: gcc -o conftest -O3 -march=armv8-a+simd+fp+crypto -mcpu=cortex-a53 -mtune=cortex-a53 -funsafe-math-optimizations -mfix-cortex-a53-835769 -fvariable-expansion-in-unroller -fwhole-program -Ofast -flto -fuse-linker-plugin -ftree-loop-if-convert-stores -funwind-tables -Wall -D_REENTRANT -funroll-loops -fvariable-expansion-in-unroller -fmerge-all-constants -fbranch-target-load-optimize2 -fsched2-use-superblocks -falign-loops=16 -falign-functions=16 -falign-jumps=16 -falign-labels=16   conftest.c  >&5
configure:3673: $? = 0
configure:3680: ./conftest
configure:3684: $? = 0
configure:3699: result: no
configure:3704: checking for suffix of object files
configure:3726: gcc -c -O3 -march=armv8-a+simd+fp+crypto -mcpu=cortex-a53 -mtune=cortex-a53 -funsafe-math-optimizations -mfix-cortex-a53-835769 -fvariable-expansion-in-unroller -fwhole-program -Ofast -flto -fuse-linker-plugin -ftree-loop-if-convert-stores -funwind-tables -Wall -D_REENTRANT -funroll-loops -fvariable-expansion-in-unroller -fmerge-all-constants -fbranch-target-load-optimize2 -fsched2-use-superblocks -falign-loops=16 -falign-functions=16 -falign-jumps=16 -falign-labels=16  conftest.c >&5
configure:3730: $? = 0
configure:3751: result: o
configure:3755: checking whether we are using the GNU C compiler
configure:3774: gcc -c -O3 -march=armv8-a+simd+fp+crypto -mcpu=cortex-a53 -mtune=cortex-a53 -funsafe-math-optimizations -mfix-cortex-a53-835769 -fvariable-expansion-in-unroller -fwhole-program -Ofast -flto -fuse-linker-plugin -ftree-loop-if-convert-stores -funwind-tables -Wall -D_REENTRANT -funroll-loops -fvariable-expansion-in-unroller -fmerge-all-constants -fbranch-target-load-optimize2 -fsched2-use-superblocks -falign-loops=16 -falign-functions=16 -falign-jumps=16 -falign-labels=16  conftest.c >&5
configure:3774: $? = 0
configure:3783: result: yes
configure:3792: checking whether gcc accepts -g
configure:3812: gcc -c -g  conftest.c >&5
configure:3812: $? = 0
configure:3853: result: yes
configure:3870: checking for gcc option to accept ISO C89
configure:3933: gcc  -c -O3 -march=armv8-a+simd+fp+crypto -mcpu=cortex-a53 -mtune=cortex-a53 -funsafe-math-optimizations -mfix-cortex-a53-835769 -fvariable-expansion-in-unroller -fwhole-program -Ofast -flto -fuse-linker-plugin -ftree-loop-if-convert-stores -funwind-tables -Wall -D_REENTRANT -funroll-loops -fvariable-expansion-in-unroller -fmerge-all-constants -fbranch-target-load-optimize2 -fsched2-use-superblocks -falign-loops=16 -falign-functions=16 -falign-jumps=16 -falign-labels=16  conftest.c >&5
configure:3933: $? = 0
configure:3946: result: none needed
configure:3971: checking whether gcc understands -c and -o together
configure:3993: gcc -c conftest.c -o conftest2.o
configure:3996: $? = 0
configure:3993: gcc -c conftest.c -o conftest2.o
configure:3996: $? = 0
configure:4008: result: yes
configure:4027: checking dependency style of gcc
configure:4138: result: gcc3
configure:4153: checking for gcc option to accept ISO C99
configure:4302: gcc  -c -O3 -march=armv8-a+simd+fp+crypto -mcpu=cortex-a53 -mtune=cortex-a53 -funsafe-math-optimizations -mfix-cortex-a53-835769 -fvariable-expansion-in-unroller -fwhole-program -Ofast -flto -fuse-linker-plugin -ftree-loop-if-convert-stores -funwind-tables -Wall -D_REENTRANT -funroll-loops -fvariable-expansion-in-unroller -fmerge-all-constants -fbranch-target-load-optimize2 -fsched2-use-superblocks -falign-loops=16 -falign-functions=16 -falign-jumps=16 -falign-labels=16  conftest.c >&5
conftest.c:61:29: error: expected ';', ',' or ')' before 'text'
 test_restrict (ccp restrict text)
                             ^
conftest.c: In function 'test_varargs':
conftest.c:82:9: warning: variable 'fnumber' set but not used [-Wunused-but-set-variable]
   float fnumber;
         ^
conftest.c:81:7: warning: variable 'number' set but not used [-Wunused-but-set-variable]
   int number;
       ^
conftest.c:80:15: warning: variable 'str' set but not used [-Wunused-but-set-variable]
   const char *str;
               ^
conftest.c: In function 'main':
conftest.c:113:3: warning: implicit declaration of function 'test_restrict' [-Wimplicit-function-declaration]
   if (test_restrict ("String literal") == 0)
   ^
conftest.c:115:18: error: expected '=', ',', ';', 'asm' or '__attribute__' before 'newvar'
   char *restrict newvar = "Another string";
                  ^
conftest.c:115:18: error: 'newvar' undeclared (first use in this function)
conftest.c:115:18: note: each undeclared identifier is reported only once for each function it appears in
conftest.c:125:3: error: 'for' loop initial declarations are only allowed in C99 or C11 mode
   for (int i = 0; i < ia->datasize; ++i)
   ^
conftest.c:125:3: note: use option -std=c99, -std=gnu99, -std=c11 or -std=gnu11 to compile your code
configure:4302: $? = 1
configure: failed program was:
| /* confdefs.h */
| #define PACKAGE_NAME "cpuminer-multi"
| #define PACKAGE_TARNAME "cpuminer-multi"
| #define PACKAGE_VERSION "1.3-dev"
| #define PACKAGE_STRING "cpuminer-multi 1.3-dev"
| #define PACKAGE_BUGREPORT ""
| #define PACKAGE_URL ""
| #define PACKAGE "cpuminer-multi"
| #define VERSION "1.3-dev"
| /* end confdefs.h.  */
| #include <stdarg.h>
| #include <stdbool.h>
| #include <stdlib.h>
| #include <wchar.h>
| #include <stdio.h>
| 
| // Check varargs macros.  These examples are taken from C99 6.10.3.5.
| #define debug(...) fprintf (stderr, __VA_ARGS__)
| #define showlist(...) puts (#__VA_ARGS__)
| #define report(test,...) ((test) ? puts (#test) : printf (__VA_ARGS__))
| static void
| test_varargs_macros (void)
| {
|   int x = 1234;
|   int y = 5678;
|   debug ("Flag");
|   debug ("X = %d\n", x);
|   showlist (The first, second, and third items.);
|   report (x>y, "x is %d but y is %d", x, y);
| }
| 
| // Check long long types.
| #define BIG64 18446744073709551615ull
| #define BIG32 4294967295ul
| #define BIG_OK (BIG64 / BIG32 == 4294967297ull && BIG64 % BIG32 == 0)
| #if !BIG_OK
|   your preprocessor is broken;
| #endif
| #if BIG_OK
| #else
|   your preprocessor is broken;
| #endif
| static long long int bignum = -9223372036854775807LL;
| static unsigned long long int ubignum = BIG64;
| 
| struct incomplete_array
| {
|   int datasize;
|   double data[];
| };
| 
| struct named_init {
|   int number;
|   const wchar_t *name;
|   double average;
| };
| 
| typedef const char *ccp;
| 
| static inline int
| test_restrict (ccp restrict text)
| {
|   // See if C++-style comments work.
|   // Iterate through items via the restricted pointer.
|   // Also check for declarations in for loops.
|   for (unsigned int i = 0; *(text+i) != '\0'; ++i)
|     continue;
|   return 0;
| }
| 
| // Check varargs and va_copy.
| static void
| test_varargs (const char *format, ...)
| {
|   va_list args;
|   va_start (args, format);
|   va_list args_copy;
|   va_copy (args_copy, args);
| 
|   const char *str;
|   int number;
|   float fnumber;
| 
|   while (*format)
|     {
|       switch (*format++)
| 	{
| 	case 's': // string
| 	  str = va_arg (args_copy, const char *);
| 	  break;
| 	case 'd': // int
| 	  number = va_arg (args_copy, int);
| 	  break;
| 	case 'f': // float
| 	  fnumber = va_arg (args_copy, double);
| 	  break;
| 	default:
| 	  break;
| 	}
|     }
|   va_end (args_copy);
|   va_end (args);
| }
| 
| int
| main ()
| {
| 
|   // Check bool.
|   _Bool success = false;
| 
|   // Check restrict.
|   if (test_restrict ("String literal") == 0)
|     success = true;
|   char *restrict newvar = "Another string";
| 
|   // Check varargs.
|   test_varargs ("s, d' f .", "string", 65, 34.234);
|   test_varargs_macros ();
| 
|   // Check flexible array members.
|   struct incomplete_array *ia =
|     malloc (sizeof (struct incomplete_array) + (sizeof (double) * 10));
|   ia->datasize = 10;
|   for (int i = 0; i < ia->datasize; ++i)
|     ia->data[i] = i * 1.234;
| 
|   // Check named initializers.
|   struct named_init ni = {
|     .number = 34,
|     .name = L"Test wide string",
|     .average = 543.34343,
|   };
| 
|   ni.number = 58;
| 
|   int dynamic_array[ni.number];
|   dynamic_array[ni.number - 1] = 543;
| 
|   // work around unused variable warnings
|   return (!success || bignum == 0LL || ubignum == 0uLL || newvar[0] == 'x'
| 	  || dynamic_array[ni.number - 1] != 543);
| 
|   ;
|   return 0;
| }
configure:4302: gcc -std=gnu99 -c -O3 -march=armv8-a+simd+fp+crypto -mcpu=cortex-a53 -mtune=cortex-a53 -funsafe-math-optimizations -mfix-cortex-a53-835769 -fvariable-expansion-in-unroller -fwhole-program -Ofast -flto -fuse-linker-plugin -ftree-loop-if-convert-stores -funwind-tables -Wall -D_REENTRANT -funroll-loops -fvariable-expansion-in-unroller -fmerge-all-constants -fbranch-target-load-optimize2 -fsched2-use-superblocks -falign-loops=16 -falign-functions=16 -falign-jumps=16 -falign-labels=16  conftest.c >&5
conftest.c: In function 'test_varargs':
conftest.c:82:9: warning: variable 'fnumber' set but not used [-Wunused-but-set-variable]
   float fnumber;
         ^
conftest.c:81:7: warning: variable 'number' set but not used [-Wunused-but-set-variable]
   int number;
       ^
conftest.c:80:15: warning: variable 'str' set but not used [-Wunused-but-set-variable]
   const char *str;
               ^
configure:4302: $? = 0
configure:4322: result: -std=gnu99
configure:4336: checking how to run the C preprocessor
configure:4367: gcc -std=gnu99 -E  conftest.c
configure:4367: $? = 0
configure:4381: gcc -std=gnu99 -E  conftest.c
conftest.c:11:28: fatal error: ac_nonexistent.h: No such file or directory
 #include <ac_nonexistent.h>
                            ^
compilation terminated.
configure:4381: $? = 1
configure: failed program was:
| /* confdefs.h */
| #define PACKAGE_NAME "cpuminer-multi"
| #define PACKAGE_TARNAME "cpuminer-multi"
| #define PACKAGE_VERSION "1.3-dev"
| #define PACKAGE_STRING "cpuminer-multi 1.3-dev"
| #define PACKAGE_BUGREPORT ""
| #define PACKAGE_URL ""
| #define PACKAGE "cpuminer-multi"
| #define VERSION "1.3-dev"
| /* end confdefs.h.  */
| #include <ac_nonexistent.h>
configure:4406: result: gcc -std=gnu99 -E
configure:4426: gcc -std=gnu99 -E  conftest.c
configure:4426: $? = 0
configure:4440: gcc -std=gnu99 -E  conftest.c
conftest.c:11:28: fatal error: ac_nonexistent.h: No such file or directory
 #include <ac_nonexistent.h>
                            ^
compilation terminated.
configure:4440: $? = 1
configure: failed program was:
| /* confdefs.h */
| #define PACKAGE_NAME "cpuminer-multi"
| #define PACKAGE_TARNAME "cpuminer-multi"
| #define PACKAGE_VERSION "1.3-dev"
| #define PACKAGE_STRING "cpuminer-multi 1.3-dev"
| #define PACKAGE_BUGREPORT ""
| #define PACKAGE_URL ""
| #define PACKAGE "cpuminer-multi"
| #define VERSION "1.3-dev"
| /* end confdefs.h.  */
| #include <ac_nonexistent.h>
configure:4469: checking for grep that handles long lines and -e
configure:4527: result: /bin/grep
configure:4532: checking for egrep
configure:4594: result: /bin/grep -E
configure:4600: checking whether gcc -std=gnu99 needs -traditional
configure:4634: result: no
configure:4651: checking dependency style of gcc -std=gnu99
configure:4760: result: gcc3
configure:4778: checking for arm-linux-gnu-ranlib
configure:4808: result: no
configure:4818: checking for ranlib
configure:4834: found /usr/bin/ranlib
configure:4845: result: ranlib
configure:4881: checking for arm-linux-gnu-g++
configure:4911: result: no
configure:4881: checking for arm-linux-gnu-c++
configure:4911: result: no
configure:4881: checking for arm-linux-gnu-gpp
configure:4911: result: no
configure:4881: checking for arm-linux-gnu-aCC
configure:4911: result: no
configure:4881: checking for arm-linux-gnu-CC
configure:4911: result: no
configure:4881: checking for arm-linux-gnu-cxx
configure:4911: result: no
configure:4881: checking for arm-linux-gnu-cc++
configure:4911: result: no
configure:4881: checking for arm-linux-gnu-cl.exe
configure:4911: result: no
configure:4881: checking for arm-linux-gnu-FCC
configure:4911: result: no
configure:4881: checking for arm-linux-gnu-KCC
configure:4911: result: no
configure:4881: checking for arm-linux-gnu-RCC
configure:4911: result: no
configure:4881: checking for arm-linux-gnu-xlC_r
configure:4911: result: no
configure:4881: checking for arm-linux-gnu-xlC
configure:4911: result: no
configure:4925: checking for g++
configure:4941: found /usr/bin/g++
configure:4952: result: g++
configure:4979: checking for C++ compiler version
configure:4988: g++ --version >&5
g++ (Debian/Linaro 4.9.2-10) 4.9.2
Copyright (C) 2014 Free Software Foundation, Inc.
This is free software; see the source for copying conditions.  There is NO
warranty; not even for MERCHANTABILITY or FITNESS FOR A PARTICULAR PURPOSE.

configure:4999: $? = 0
configure:4988: g++ -v >&5
Using built-in specs.
COLLECT_GCC=g++
COLLECT_LTO_WRAPPER=/usr/lib/gcc/aarch64-linux-gnu/4.9/lto-wrapper
Target: aarch64-linux-gnu
Configured with: ../src/configure -v --with-pkgversion='Debian/Linaro 4.9.2-10' --with-bugurl=file:///usr/share/doc/gcc-4.9/README.Bugs --enable-languages=c,c++,java,go,d,fortran,objc,obj-c++ --prefix=/usr --program-suffix=-4.9 --enable-shared --enable-linker-build-id --libexecdir=/usr/lib --without-included-gettext --enable-threads=posix --with-gxx-include-dir=/usr/include/c++/4.9 --libdir=/usr/lib --enable-nls --with-sysroot=/ --enable-clocale=gnu --enable-libstdcxx-debug --enable-libstdcxx-time=yes --enable-gnu-unique-object --disable-libsanitizer --disable-libquadmath --enable-plugin --with-system-zlib --disable-browser-plugin --enable-java-awt=gtk --enable-gtk-cairo --with-java-home=/usr/lib/jvm/java-1.5.0-gcj-4.9-arm64/jre --enable-java-home --with-jvm-root-dir=/usr/lib/jvm/java-1.5.0-gcj-4.9-arm64 --with-jvm-jar-dir=/usr/lib/jvm-exports/java-1.5.0-gcj-4.9-arm64 --with-arch-directory=arm64 --with-ecj-jar=/usr/share/java/eclipse-ecj.jar --enable-multiarch --enable-checking=release --build=aarch64-linux-gnu --host=aarch64-linux-gnu --target=aarch64-linux-gnu
Thread model: posix
gcc version 4.9.2 (Debian/Linaro 4.9.2-10) 
configure:4999: $? = 0
configure:4988: g++ -V >&5
g++: error: unrecognized command line option '-V'
g++: fatal error: no input files
compilation terminated.
configure:4999: $? = 4
configure:4988: g++ -qversion >&5
g++: error: unrecognized command line option '-qversion'
g++: fatal error: no input files
compilation terminated.
configure:4999: $? = 4
configure:5003: checking whether we are using the GNU C++ compiler
configure:5022: g++ -c   conftest.cpp >&5
configure:5022: $? = 0
configure:5031: result: yes
configure:5040: checking whether g++ accepts -g
configure:5060: g++ -c -g  conftest.cpp >&5
configure:5060: $? = 0
configure:5101: result: yes
configure:5126: checking dependency style of g++
configure:5237: result: gcc3
configure:5253: checking for ANSI C header files
configure:5273: gcc -std=gnu99 -c -O3 -march=armv8-a+simd+fp+crypto -mcpu=cortex-a53 -mtune=cortex-a53 -funsafe-math-optimizations -mfix-cortex-a53-835769 -fvariable-expansion-in-unroller -fwhole-program -Ofast -flto -fuse-linker-plugin -ftree-loop-if-convert-stores -funwind-tables -Wall -D_REENTRANT -funroll-loops -fvariable-expansion-in-unroller -fmerge-all-constants -fbranch-target-load-optimize2 -fsched2-use-superblocks -falign-loops=16 -falign-functions=16 -falign-jumps=16 -falign-labels=16  conftest.c >&5
configure:5273: $? = 0
configure:5346: gcc -std=gnu99 -o conftest -O3 -march=armv8-a+simd+fp+crypto -mcpu=cortex-a53 -mtune=cortex-a53 -funsafe-math-optimizations -mfix-cortex-a53-835769 -fvariable-expansion-in-unroller -fwhole-program -Ofast -flto -fuse-linker-plugin -ftree-loop-if-convert-stores -funwind-tables -Wall -D_REENTRANT -funroll-loops -fvariable-expansion-in-unroller -fmerge-all-constants -fbranch-target-load-optimize2 -fsched2-use-superblocks -falign-loops=16 -falign-functions=16 -falign-jumps=16 -falign-labels=16   conftest.c  >&5
configure:5346: $? = 0
configure:5346: ./conftest
configure:5346: $? = 0
configure:5357: result: yes
configure:5370: checking for sys/types.h
configure:5370: gcc -std=gnu99 -c -O3 -march=armv8-a+simd+fp+crypto -mcpu=cortex-a53 -mtune=cortex-a53 -funsafe-math-optimizations -mfix-cortex-a53-835769 -fvariable-expansion-in-unroller -fwhole-program -Ofast -flto -fuse-linker-plugin -ftree-loop-if-convert-stores -funwind-tables -Wall -D_REENTRANT -funroll-loops -fvariable-expansion-in-unroller -fmerge-all-constants -fbranch-target-load-optimize2 -fsched2-use-superblocks -falign-loops=16 -falign-functions=16 -falign-jumps=16 -falign-labels=16  conftest.c >&5
configure:5370: $? = 0
configure:5370: result: yes
configure:5370: checking for sys/stat.h
configure:5370: gcc -std=gnu99 -c -O3 -march=armv8-a+simd+fp+crypto -mcpu=cortex-a53 -mtune=cortex-a53 -funsafe-math-optimizations -mfix-cortex-a53-835769 -fvariable-expansion-in-unroller -fwhole-program -Ofast -flto -fuse-linker-plugin -ftree-loop-if-convert-stores -funwind-tables -Wall -D_REENTRANT -funroll-loops -fvariable-expansion-in-unroller -fmerge-all-constants -fbranch-target-load-optimize2 -fsched2-use-superblocks -falign-loops=16 -falign-functions=16 -falign-jumps=16 -falign-labels=16  conftest.c >&5
configure:5370: $? = 0
configure:5370: result: yes
configure:5370: checking for stdlib.h
configure:5370: gcc -std=gnu99 -c -O3 -march=armv8-a+simd+fp+crypto -mcpu=cortex-a53 -mtune=cortex-a53 -funsafe-math-optimizations -mfix-cortex-a53-835769 -fvariable-expansion-in-unroller -fwhole-program -Ofast -flto -fuse-linker-plugin -ftree-loop-if-convert-stores -funwind-tables -Wall -D_REENTRANT -funroll-loops -fvariable-expansion-in-unroller -fmerge-all-constants -fbranch-target-load-optimize2 -fsched2-use-superblocks -falign-loops=16 -falign-functions=16 -falign-jumps=16 -falign-labels=16  conftest.c >&5
configure:5370: $? = 0
configure:5370: result: yes
configure:5370: checking for string.h
configure:5370: gcc -std=gnu99 -c -O3 -march=armv8-a+simd+fp+crypto -mcpu=cortex-a53 -mtune=cortex-a53 -funsafe-math-optimizations -mfix-cortex-a53-835769 -fvariable-expansion-in-unroller -fwhole-program -Ofast -flto -fuse-linker-plugin -ftree-loop-if-convert-stores -funwind-tables -Wall -D_REENTRANT -funroll-loops -fvariable-expansion-in-unroller -fmerge-all-constants -fbranch-target-load-optimize2 -fsched2-use-superblocks -falign-loops=16 -falign-functions=16 -falign-jumps=16 -falign-labels=16  conftest.c >&5
configure:5370: $? = 0
configure:5370: result: yes
configure:5370: checking for memory.h
configure:5370: gcc -std=gnu99 -c -O3 -march=armv8-a+simd+fp+crypto -mcpu=cortex-a53 -mtune=cortex-a53 -funsafe-math-optimizations -mfix-cortex-a53-835769 -fvariable-expansion-in-unroller -fwhole-program -Ofast -flto -fuse-linker-plugin -ftree-loop-if-convert-stores -funwind-tables -Wall -D_REENTRANT -funroll-loops -fvariable-expansion-in-unroller -fmerge-all-constants -fbranch-target-load-optimize2 -fsched2-use-superblocks -falign-loops=16 -falign-functions=16 -falign-jumps=16 -falign-labels=16  conftest.c >&5
configure:5370: $? = 0
configure:5370: result: yes
configure:5370: checking for strings.h
configure:5370: gcc -std=gnu99 -c -O3 -march=armv8-a+simd+fp+crypto -mcpu=cortex-a53 -mtune=cortex-a53 -funsafe-math-optimizations -mfix-cortex-a53-835769 -fvariable-expansion-in-unroller -fwhole-program -Ofast -flto -fuse-linker-plugin -ftree-loop-if-convert-stores -funwind-tables -Wall -D_REENTRANT -funroll-loops -fvariable-expansion-in-unroller -fmerge-all-constants -fbranch-target-load-optimize2 -fsched2-use-superblocks -falign-loops=16 -falign-functions=16 -falign-jumps=16 -falign-labels=16  conftest.c >&5
configure:5370: $? = 0
configure:5370: result: yes
configure:5370: checking for inttypes.h
configure:5370: gcc -std=gnu99 -c -O3 -march=armv8-a+simd+fp+crypto -mcpu=cortex-a53 -mtune=cortex-a53 -funsafe-math-optimizations -mfix-cortex-a53-835769 -fvariable-expansion-in-unroller -fwhole-program -Ofast -flto -fuse-linker-plugin -ftree-loop-if-convert-stores -funwind-tables -Wall -D_REENTRANT -funroll-loops -fvariable-expansion-in-unroller -fmerge-all-constants -fbranch-target-load-optimize2 -fsched2-use-superblocks -falign-loops=16 -falign-functions=16 -falign-jumps=16 -falign-labels=16  conftest.c >&5
configure:5370: $? = 0
configure:5370: result: yes
configure:5370: checking for stdint.h
configure:5370: gcc -std=gnu99 -c -O3 -march=armv8-a+simd+fp+crypto -mcpu=cortex-a53 -mtune=cortex-a53 -funsafe-math-optimizations -mfix-cortex-a53-835769 -fvariable-expansion-in-unroller -fwhole-program -Ofast -flto -fuse-linker-plugin -ftree-loop-if-convert-stores -funwind-tables -Wall -D_REENTRANT -funroll-loops -fvariable-expansion-in-unroller -fmerge-all-constants -fbranch-target-load-optimize2 -fsched2-use-superblocks -falign-loops=16 -falign-functions=16 -falign-jumps=16 -falign-labels=16  conftest.c >&5
configure:5370: $? = 0
configure:5370: result: yes
configure:5370: checking for unistd.h
configure:5370: gcc -std=gnu99 -c -O3 -march=armv8-a+simd+fp+crypto -mcpu=cortex-a53 -mtune=cortex-a53 -funsafe-math-optimizations -mfix-cortex-a53-835769 -fvariable-expansion-in-unroller -fwhole-program -Ofast -flto -fuse-linker-plugin -ftree-loop-if-convert-stores -funwind-tables -Wall -D_REENTRANT -funroll-loops -fvariable-expansion-in-unroller -fmerge-all-constants -fbranch-target-load-optimize2 -fsched2-use-superblocks -falign-loops=16 -falign-functions=16 -falign-jumps=16 -falign-labels=16  conftest.c >&5
configure:5370: $? = 0
configure:5370: result: yes
configure:5385: checking sys/endian.h usability
configure:5385: gcc -std=gnu99 -c -O3 -march=armv8-a+simd+fp+crypto -mcpu=cortex-a53 -mtune=cortex-a53 -funsafe-math-optimizations -mfix-cortex-a53-835769 -fvariable-expansion-in-unroller -fwhole-program -Ofast -flto -fuse-linker-plugin -ftree-loop-if-convert-stores -funwind-tables -Wall -D_REENTRANT -funroll-loops -fvariable-expansion-in-unroller -fmerge-all-constants -fbranch-target-load-optimize2 -fsched2-use-superblocks -falign-loops=16 -falign-functions=16 -falign-jumps=16 -falign-labels=16  conftest.c >&5
conftest.c:54:24: fatal error: sys/endian.h: No such file or directory
 #include <sys/endian.h>
                        ^
compilation terminated.
configure:5385: $? = 1
configure: failed program was:
| /* confdefs.h */
| #define PACKAGE_NAME "cpuminer-multi"
| #define PACKAGE_TARNAME "cpuminer-multi"
| #define PACKAGE_VERSION "1.3-dev"
| #define PACKAGE_STRING "cpuminer-multi 1.3-dev"
| #define PACKAGE_BUGREPORT ""
| #define PACKAGE_URL ""
| #define PACKAGE "cpuminer-multi"
| #define VERSION "1.3-dev"
| #define STDC_HEADERS 1
| #define HAVE_SYS_TYPES_H 1
| #define HAVE_SYS_STAT_H 1
| #define HAVE_STDLIB_H 1
| #define HAVE_STRING_H 1
| #define HAVE_MEMORY_H 1
| #define HAVE_STRINGS_H 1
| #define HAVE_INTTYPES_H 1
| #define HAVE_STDINT_H 1
| #define HAVE_UNISTD_H 1
| /* end confdefs.h.  */
| #include <stdio.h>
| #ifdef HAVE_SYS_TYPES_H
| # include <sys/types.h>
| #endif
| #ifdef HAVE_SYS_STAT_H
| # include <sys/stat.h>
| #endif
| #ifdef STDC_HEADERS
| # include <stdlib.h>
| # include <stddef.h>
| #else
| # ifdef HAVE_STDLIB_H
| #  include <stdlib.h>
| # endif
| #endif
| #ifdef HAVE_STRING_H
| # if !defined STDC_HEADERS && defined HAVE_MEMORY_H
| #  include <memory.h>
| # endif
| # include <string.h>
| #endif
| #ifdef HAVE_STRINGS_H
| # include <strings.h>
| #endif
| #ifdef HAVE_INTTYPES_H
| # include <inttypes.h>
| #endif
| #ifdef HAVE_STDINT_H
| # include <stdint.h>
| #endif
| #ifdef HAVE_UNISTD_H
| # include <unistd.h>
| #endif
| #include <sys/endian.h>
configure:5385: result: no
configure:5385: checking sys/endian.h presence
configure:5385: gcc -std=gnu99 -E  conftest.c
conftest.c:21:24: fatal error: sys/endian.h: No such file or directory
 #include <sys/endian.h>
                        ^
compilation terminated.
configure:5385: $? = 1
configure: failed program was:
| /* confdefs.h */
| #define PACKAGE_NAME "cpuminer-multi"
| #define PACKAGE_TARNAME "cpuminer-multi"
| #define PACKAGE_VERSION "1.3-dev"
| #define PACKAGE_STRING "cpuminer-multi 1.3-dev"
| #define PACKAGE_BUGREPORT ""
| #define PACKAGE_URL ""
| #define PACKAGE "cpuminer-multi"
| #define VERSION "1.3-dev"
| #define STDC_HEADERS 1
| #define HAVE_SYS_TYPES_H 1
| #define HAVE_SYS_STAT_H 1
| #define HAVE_STDLIB_H 1
| #define HAVE_STRING_H 1
| #define HAVE_MEMORY_H 1
| #define HAVE_STRINGS_H 1
| #define HAVE_INTTYPES_H 1
| #define HAVE_STDINT_H 1
| #define HAVE_UNISTD_H 1
| /* end confdefs.h.  */
| #include <sys/endian.h>
configure:5385: result: no
configure:5385: checking for sys/endian.h
configure:5385: result: no
configure:5385: checking sys/param.h usability
configure:5385: gcc -std=gnu99 -c -O3 -march=armv8-a+simd+fp+crypto -mcpu=cortex-a53 -mtune=cortex-a53 -funsafe-math-optimizations -mfix-cortex-a53-835769 -fvariable-expansion-in-unroller -fwhole-program -Ofast -flto -fuse-linker-plugin -ftree-loop-if-convert-stores -funwind-tables -Wall -D_REENTRANT -funroll-loops -fvariable-expansion-in-unroller -fmerge-all-constants -fbranch-target-load-optimize2 -fsched2-use-superblocks -falign-loops=16 -falign-functions=16 -falign-jumps=16 -falign-labels=16  conftest.c >&5
configure:5385: $? = 0
configure:5385: result: yes
configure:5385: checking sys/param.h presence
configure:5385: gcc -std=gnu99 -E  conftest.c
configure:5385: $? = 0
configure:5385: result: yes
configure:5385: checking for sys/param.h
configure:5385: result: yes
configure:5385: checking syslog.h usability
configure:5385: gcc -std=gnu99 -c -O3 -march=armv8-a+simd+fp+crypto -mcpu=cortex-a53 -mtune=cortex-a53 -funsafe-math-optimizations -mfix-cortex-a53-835769 -fvariable-expansion-in-unroller -fwhole-program -Ofast -flto -fuse-linker-plugin -ftree-loop-if-convert-stores -funwind-tables -Wall -D_REENTRANT -funroll-loops -fvariable-expansion-in-unroller -fmerge-all-constants -fbranch-target-load-optimize2 -fsched2-use-superblocks -falign-loops=16 -falign-functions=16 -falign-jumps=16 -falign-labels=16  conftest.c >&5
configure:5385: $? = 0
configure:5385: result: yes
configure:5385: checking syslog.h presence
configure:5385: gcc -std=gnu99 -E  conftest.c
configure:5385: $? = 0
configure:5385: result: yes
configure:5385: checking for syslog.h
configure:5385: result: yes
configure:5399: checking for sys/sysctl.h
configure:5399: gcc -std=gnu99 -c -O3 -march=armv8-a+simd+fp+crypto -mcpu=cortex-a53 -mtune=cortex-a53 -funsafe-math-optimizations -mfix-cortex-a53-835769 -fvariable-expansion-in-unroller -fwhole-program -Ofast -flto -fuse-linker-plugin -ftree-loop-if-convert-stores -funwind-tables -Wall -D_REENTRANT -funroll-loops -fvariable-expansion-in-unroller -fmerge-all-constants -fbranch-target-load-optimize2 -fsched2-use-superblocks -falign-loops=16 -falign-functions=16 -falign-jumps=16 -falign-labels=16  conftest.c >&5
configure:5399: $? = 0
configure:5399: result: yes
configure:5415: checking whether be32dec is declared
configure:5415: gcc -std=gnu99 -c -O3 -march=armv8-a+simd+fp+crypto -mcpu=cortex-a53 -mtune=cortex-a53 -funsafe-math-optimizations -mfix-cortex-a53-835769 -fvariable-expansion-in-unroller -fwhole-program -Ofast -flto -fuse-linker-plugin -ftree-loop-if-convert-stores -funwind-tables -Wall -D_REENTRANT -funroll-loops -fvariable-expansion-in-unroller -fmerge-all-constants -fbranch-target-load-optimize2 -fsched2-use-superblocks -falign-loops=16 -falign-functions=16 -falign-jumps=16 -falign-labels=16  conftest.c >&5
conftest.c: In function 'main':
conftest.c:69:10: error: 'be32dec' undeclared (first use in this function)
   (void) be32dec;
          ^
conftest.c:69:10: note: each undeclared identifier is reported only once for each function it appears in
configure:5415: $? = 1
configure: failed program was:
| /* confdefs.h */
| #define PACKAGE_NAME "cpuminer-multi"
| #define PACKAGE_TARNAME "cpuminer-multi"
| #define PACKAGE_VERSION "1.3-dev"
| #define PACKAGE_STRING "cpuminer-multi 1.3-dev"
| #define PACKAGE_BUGREPORT ""
| #define PACKAGE_URL ""
| #define PACKAGE "cpuminer-multi"
| #define VERSION "1.3-dev"
| #define STDC_HEADERS 1
| #define HAVE_SYS_TYPES_H 1
| #define HAVE_SYS_STAT_H 1
| #define HAVE_STDLIB_H 1
| #define HAVE_STRING_H 1
| #define HAVE_MEMORY_H 1
| #define HAVE_STRINGS_H 1
| #define HAVE_INTTYPES_H 1
| #define HAVE_STDINT_H 1
| #define HAVE_UNISTD_H 1
| #define HAVE_SYS_PARAM_H 1
| #define HAVE_SYSLOG_H 1
| #define HAVE_SYS_SYSCTL_H 1
| /* end confdefs.h.  */
| #include <stdio.h>
| #ifdef HAVE_SYS_TYPES_H
| # include <sys/types.h>
| #endif
| #ifdef HAVE_SYS_STAT_H
| # include <sys/stat.h>
| #endif
| #ifdef STDC_HEADERS
| # include <stdlib.h>
| # include <stddef.h>
| #else
| # ifdef HAVE_STDLIB_H
| #  include <stdlib.h>
| # endif
| #endif
| #ifdef HAVE_STRING_H
| # if !defined STDC_HEADERS && defined HAVE_MEMORY_H
| #  include <memory.h>
| # endif
| # include <string.h>
| #endif
| #ifdef HAVE_STRINGS_H
| # include <strings.h>
| #endif
| #ifdef HAVE_INTTYPES_H
| # include <inttypes.h>
| #endif
| #ifdef HAVE_STDINT_H
| # include <stdint.h>
| #endif
| #ifdef HAVE_UNISTD_H
| # include <unistd.h>
| #endif
| #ifdef HAVE_SYS_ENDIAN_H
| #include <sys/endian.h>
| #endif
| 
| 
| int
| main ()
| {
| #ifndef be32dec
| #ifdef __cplusplus
|   (void) be32dec;
| #else
|   (void) be32dec;
| #endif
| #endif
| 
|   ;
|   return 0;
| }
configure:5415: result: no
configure:5430: checking whether le32dec is declared
configure:5430: gcc -std=gnu99 -c -O3 -march=armv8-a+simd+fp+crypto -mcpu=cortex-a53 -mtune=cortex-a53 -funsafe-math-optimizations -mfix-cortex-a53-835769 -fvariable-expansion-in-unroller -fwhole-program -Ofast -flto -fuse-linker-plugin -ftree-loop-if-convert-stores -funwind-tables -Wall -D_REENTRANT -funroll-loops -fvariable-expansion-in-unroller -fmerge-all-constants -fbranch-target-load-optimize2 -fsched2-use-superblocks -falign-loops=16 -falign-functions=16 -falign-jumps=16 -falign-labels=16  conftest.c >&5
conftest.c: In function 'main':
conftest.c:70:10: error: 'le32dec' undeclared (first use in this function)
   (void) le32dec;
          ^
conftest.c:70:10: note: each undeclared identifier is reported only once for each function it appears in
configure:5430: $? = 1
configure: failed program was:
| /* confdefs.h */
| #define PACKAGE_NAME "cpuminer-multi"
| #define PACKAGE_TARNAME "cpuminer-multi"
| #define PACKAGE_VERSION "1.3-dev"
| #define PACKAGE_STRING "cpuminer-multi 1.3-dev"
| #define PACKAGE_BUGREPORT ""
| #define PACKAGE_URL ""
| #define PACKAGE "cpuminer-multi"
| #define VERSION "1.3-dev"
| #define STDC_HEADERS 1
| #define HAVE_SYS_TYPES_H 1
| #define HAVE_SYS_STAT_H 1
| #define HAVE_STDLIB_H 1
| #define HAVE_STRING_H 1
| #define HAVE_MEMORY_H 1
| #define HAVE_STRINGS_H 1
| #define HAVE_INTTYPES_H 1
| #define HAVE_STDINT_H 1
| #define HAVE_UNISTD_H 1
| #define HAVE_SYS_PARAM_H 1
| #define HAVE_SYSLOG_H 1
| #define HAVE_SYS_SYSCTL_H 1
| #define HAVE_DECL_BE32DEC 0
| /* end confdefs.h.  */
| #include <stdio.h>
| #ifdef HAVE_SYS_TYPES_H
| # include <sys/types.h>
| #endif
| #ifdef HAVE_SYS_STAT_H
| # include <sys/stat.h>
| #endif
| #ifdef STDC_HEADERS
| # include <stdlib.h>
| # include <stddef.h>
| #else
| # ifdef HAVE_STDLIB_H
| #  include <stdlib.h>
| # endif
| #endif
| #ifdef HAVE_STRING_H
| # if !defined STDC_HEADERS && defined HAVE_MEMORY_H
| #  include <memory.h>
| # endif
| # include <string.h>
| #endif
| #ifdef HAVE_STRINGS_H
| # include <strings.h>
| #endif
| #ifdef HAVE_INTTYPES_H
| # include <inttypes.h>
| #endif
| #ifdef HAVE_STDINT_H
| # include <stdint.h>
| #endif
| #ifdef HAVE_UNISTD_H
| # include <unistd.h>
| #endif
| #ifdef HAVE_SYS_ENDIAN_H
| #include <sys/endian.h>
| #endif
| 
| 
| int
| main ()
| {
| #ifndef le32dec
| #ifdef __cplusplus
|   (void) le32dec;
| #else
|   (void) le32dec;
| #endif
| #endif
| 
|   ;
|   return 0;
| }
configure:5430: result: no
configure:5445: checking whether be32enc is declared
configure:5445: gcc -std=gnu99 -c -O3 -march=armv8-a+simd+fp+crypto -mcpu=cortex-a53 -mtune=cortex-a53 -funsafe-math-optimizations -mfix-cortex-a53-835769 -fvariable-expansion-in-unroller -fwhole-program -Ofast -flto -fuse-linker-plugin -ftree-loop-if-convert-stores -funwind-tables -Wall -D_REENTRANT -funroll-loops -fvariable-expansion-in-unroller -fmerge-all-constants -fbranch-target-load-optimize2 -fsched2-use-superblocks -falign-loops=16 -falign-functions=16 -falign-jumps=16 -falign-labels=16  conftest.c >&5
conftest.c: In function 'main':
conftest.c:71:10: error: 'be32enc' undeclared (first use in this function)
   (void) be32enc;
          ^
conftest.c:71:10: note: each undeclared identifier is reported only once for each function it appears in
configure:5445: $? = 1
configure: failed program was:
| /* confdefs.h */
| #define PACKAGE_NAME "cpuminer-multi"
| #define PACKAGE_TARNAME "cpuminer-multi"
| #define PACKAGE_VERSION "1.3-dev"
| #define PACKAGE_STRING "cpuminer-multi 1.3-dev"
| #define PACKAGE_BUGREPORT ""
| #define PACKAGE_URL ""
| #define PACKAGE "cpuminer-multi"
| #define VERSION "1.3-dev"
| #define STDC_HEADERS 1
| #define HAVE_SYS_TYPES_H 1
| #define HAVE_SYS_STAT_H 1
| #define HAVE_STDLIB_H 1
| #define HAVE_STRING_H 1
| #define HAVE_MEMORY_H 1
| #define HAVE_STRINGS_H 1
| #define HAVE_INTTYPES_H 1
| #define HAVE_STDINT_H 1
| #define HAVE_UNISTD_H 1
| #define HAVE_SYS_PARAM_H 1
| #define HAVE_SYSLOG_H 1
| #define HAVE_SYS_SYSCTL_H 1
| #define HAVE_DECL_BE32DEC 0
| #define HAVE_DECL_LE32DEC 0
| /* end confdefs.h.  */
| #include <stdio.h>
| #ifdef HAVE_SYS_TYPES_H
| # include <sys/types.h>
| #endif
| #ifdef HAVE_SYS_STAT_H
| # include <sys/stat.h>
| #endif
| #ifdef STDC_HEADERS
| # include <stdlib.h>
| # include <stddef.h>
| #else
| # ifdef HAVE_STDLIB_H
| #  include <stdlib.h>
| # endif
| #endif
| #ifdef HAVE_STRING_H
| # if !defined STDC_HEADERS && defined HAVE_MEMORY_H
| #  include <memory.h>
| # endif
| # include <string.h>
| #endif
| #ifdef HAVE_STRINGS_H
| # include <strings.h>
| #endif
| #ifdef HAVE_INTTYPES_H
| # include <inttypes.h>
| #endif
| #ifdef HAVE_STDINT_H
| # include <stdint.h>
| #endif
| #ifdef HAVE_UNISTD_H
| # include <unistd.h>
| #endif
| #ifdef HAVE_SYS_ENDIAN_H
| #include <sys/endian.h>
| #endif
| 
| 
| int
| main ()
| {
| #ifndef be32enc
| #ifdef __cplusplus
|   (void) be32enc;
| #else
|   (void) be32enc;
| #endif
| #endif
| 
|   ;
|   return 0;
| }
configure:5445: result: no
configure:5460: checking whether le32enc is declared
configure:5460: gcc -std=gnu99 -c -O3 -march=armv8-a+simd+fp+crypto -mcpu=cortex-a53 -mtune=cortex-a53 -funsafe-math-optimizations -mfix-cortex-a53-835769 -fvariable-expansion-in-unroller -fwhole-program -Ofast -flto -fuse-linker-plugin -ftree-loop-if-convert-stores -funwind-tables -Wall -D_REENTRANT -funroll-loops -fvariable-expansion-in-unroller -fmerge-all-constants -fbranch-target-load-optimize2 -fsched2-use-superblocks -falign-loops=16 -falign-functions=16 -falign-jumps=16 -falign-labels=16  conftest.c >&5
conftest.c: In function 'main':
conftest.c:72:10: error: 'le32enc' undeclared (first use in this function)
   (void) le32enc;
          ^
conftest.c:72:10: note: each undeclared identifier is reported only once for each function it appears in
configure:5460: $? = 1
configure: failed program was:
| /* confdefs.h */
| #define PACKAGE_NAME "cpuminer-multi"
| #define PACKAGE_TARNAME "cpuminer-multi"
| #define PACKAGE_VERSION "1.3-dev"
| #define PACKAGE_STRING "cpuminer-multi 1.3-dev"
| #define PACKAGE_BUGREPORT ""
| #define PACKAGE_URL ""
| #define PACKAGE "cpuminer-multi"
| #define VERSION "1.3-dev"
| #define STDC_HEADERS 1
| #define HAVE_SYS_TYPES_H 1
| #define HAVE_SYS_STAT_H 1
| #define HAVE_STDLIB_H 1
| #define HAVE_STRING_H 1
| #define HAVE_MEMORY_H 1
| #define HAVE_STRINGS_H 1
| #define HAVE_INTTYPES_H 1
| #define HAVE_STDINT_H 1
| #define HAVE_UNISTD_H 1
| #define HAVE_SYS_PARAM_H 1
| #define HAVE_SYSLOG_H 1
| #define HAVE_SYS_SYSCTL_H 1
| #define HAVE_DECL_BE32DEC 0
| #define HAVE_DECL_LE32DEC 0
| #define HAVE_DECL_BE32ENC 0
| /* end confdefs.h.  */
| #include <stdio.h>
| #ifdef HAVE_SYS_TYPES_H
| # include <sys/types.h>
| #endif
| #ifdef HAVE_SYS_STAT_H
| # include <sys/stat.h>
| #endif
| #ifdef STDC_HEADERS
| # include <stdlib.h>
| # include <stddef.h>
| #else
| # ifdef HAVE_STDLIB_H
| #  include <stdlib.h>
| # endif
| #endif
| #ifdef HAVE_STRING_H
| # if !defined STDC_HEADERS && defined HAVE_MEMORY_H
| #  include <memory.h>
| # endif
| # include <string.h>
| #endif
| #ifdef HAVE_STRINGS_H
| # include <strings.h>
| #endif
| #ifdef HAVE_INTTYPES_H
| # include <inttypes.h>
| #endif
| #ifdef HAVE_STDINT_H
| # include <stdint.h>
| #endif
| #ifdef HAVE_UNISTD_H
| # include <unistd.h>
| #endif
| #ifdef HAVE_SYS_ENDIAN_H
| #include <sys/endian.h>
| #endif
| 
| 
| int
| main ()
| {
| #ifndef le32enc
| #ifdef __cplusplus
|   (void) le32enc;
| #else
|   (void) le32enc;
| #endif
| #endif
| 
|   ;
|   return 0;
| }
configure:5460: result: no
configure:5475: checking whether le16dec is declared
configure:5475: gcc -std=gnu99 -c -O3 -march=armv8-a+simd+fp+crypto -mcpu=cortex-a53 -mtune=cortex-a53 -funsafe-math-optimizations -mfix-cortex-a53-835769 -fvariable-expansion-in-unroller -fwhole-program -Ofast -flto -fuse-linker-plugin -ftree-loop-if-convert-stores -funwind-tables -Wall -D_REENTRANT -funroll-loops -fvariable-expansion-in-unroller -fmerge-all-constants -fbranch-target-load-optimize2 -fsched2-use-superblocks -falign-loops=16 -falign-functions=16 -falign-jumps=16 -falign-labels=16  conftest.c >&5
conftest.c: In function 'main':
conftest.c:73:10: error: 'le16dec' undeclared (first use in this function)
   (void) le16dec;
          ^
conftest.c:73:10: note: each undeclared identifier is reported only once for each function it appears in
configure:5475: $? = 1
configure: failed program was:
| /* confdefs.h */
| #define PACKAGE_NAME "cpuminer-multi"
| #define PACKAGE_TARNAME "cpuminer-multi"
| #define PACKAGE_VERSION "1.3-dev"
| #define PACKAGE_STRING "cpuminer-multi 1.3-dev"
| #define PACKAGE_BUGREPORT ""
| #define PACKAGE_URL ""
| #define PACKAGE "cpuminer-multi"
| #define VERSION "1.3-dev"
| #define STDC_HEADERS 1
| #define HAVE_SYS_TYPES_H 1
| #define HAVE_SYS_STAT_H 1
| #define HAVE_STDLIB_H 1
| #define HAVE_STRING_H 1
| #define HAVE_MEMORY_H 1
| #define HAVE_STRINGS_H 1
| #define HAVE_INTTYPES_H 1
| #define HAVE_STDINT_H 1
| #define HAVE_UNISTD_H 1
| #define HAVE_SYS_PARAM_H 1
| #define HAVE_SYSLOG_H 1
| #define HAVE_SYS_SYSCTL_H 1
| #define HAVE_DECL_BE32DEC 0
| #define HAVE_DECL_LE32DEC 0
| #define HAVE_DECL_BE32ENC 0
| #define HAVE_DECL_LE32ENC 0
| /* end confdefs.h.  */
| #include <stdio.h>
| #ifdef HAVE_SYS_TYPES_H
| # include <sys/types.h>
| #endif
| #ifdef HAVE_SYS_STAT_H
| # include <sys/stat.h>
| #endif
| #ifdef STDC_HEADERS
| # include <stdlib.h>
| # include <stddef.h>
| #else
| # ifdef HAVE_STDLIB_H
| #  include <stdlib.h>
| # endif
| #endif
| #ifdef HAVE_STRING_H
| # if !defined STDC_HEADERS && defined HAVE_MEMORY_H
| #  include <memory.h>
| # endif
| # include <string.h>
| #endif
| #ifdef HAVE_STRINGS_H
| # include <strings.h>
| #endif
| #ifdef HAVE_INTTYPES_H
| # include <inttypes.h>
| #endif
| #ifdef HAVE_STDINT_H
| # include <stdint.h>
| #endif
| #ifdef HAVE_UNISTD_H
| # include <unistd.h>
| #endif
| #ifdef HAVE_SYS_ENDIAN_H
| #include <sys/endian.h>
| #endif
| 
| 
| int
| main ()
| {
| #ifndef le16dec
| #ifdef __cplusplus
|   (void) le16dec;
| #else
|   (void) le16dec;
| #endif
| #endif
| 
|   ;
|   return 0;
| }
configure:5475: result: no
configure:5490: checking whether le16enc is declared
configure:5490: gcc -std=gnu99 -c -O3 -march=armv8-a+simd+fp+crypto -mcpu=cortex-a53 -mtune=cortex-a53 -funsafe-math-optimizations -mfix-cortex-a53-835769 -fvariable-expansion-in-unroller -fwhole-program -Ofast -flto -fuse-linker-plugin -ftree-loop-if-convert-stores -funwind-tables -Wall -D_REENTRANT -funroll-loops -fvariable-expansion-in-unroller -fmerge-all-constants -fbranch-target-load-optimize2 -fsched2-use-superblocks -falign-loops=16 -falign-functions=16 -falign-jumps=16 -falign-labels=16  conftest.c >&5
conftest.c: In function 'main':
conftest.c:74:10: error: 'le16enc' undeclared (first use in this function)
   (void) le16enc;
          ^
conftest.c:74:10: note: each undeclared identifier is reported only once for each function it appears in
configure:5490: $? = 1
configure: failed program was:
| /* confdefs.h */
| #define PACKAGE_NAME "cpuminer-multi"
| #define PACKAGE_TARNAME "cpuminer-multi"
| #define PACKAGE_VERSION "1.3-dev"
| #define PACKAGE_STRING "cpuminer-multi 1.3-dev"
| #define PACKAGE_BUGREPORT ""
| #define PACKAGE_URL ""
| #define PACKAGE "cpuminer-multi"
| #define VERSION "1.3-dev"
| #define STDC_HEADERS 1
| #define HAVE_SYS_TYPES_H 1
| #define HAVE_SYS_STAT_H 1
| #define HAVE_STDLIB_H 1
| #define HAVE_STRING_H 1
| #define HAVE_MEMORY_H 1
| #define HAVE_STRINGS_H 1
| #define HAVE_INTTYPES_H 1
| #define HAVE_STDINT_H 1
| #define HAVE_UNISTD_H 1
| #define HAVE_SYS_PARAM_H 1
| #define HAVE_SYSLOG_H 1
| #define HAVE_SYS_SYSCTL_H 1
| #define HAVE_DECL_BE32DEC 0
| #define HAVE_DECL_LE32DEC 0
| #define HAVE_DECL_BE32ENC 0
| #define HAVE_DECL_LE32ENC 0
| #define HAVE_DECL_LE16DEC 0
| /* end confdefs.h.  */
| #include <stdio.h>
| #ifdef HAVE_SYS_TYPES_H
| # include <sys/types.h>
| #endif
| #ifdef HAVE_SYS_STAT_H
| # include <sys/stat.h>
| #endif
| #ifdef STDC_HEADERS
| # include <stdlib.h>
| # include <stddef.h>
| #else
| # ifdef HAVE_STDLIB_H
| #  include <stdlib.h>
| # endif
| #endif
| #ifdef HAVE_STRING_H
| # if !defined STDC_HEADERS && defined HAVE_MEMORY_H
| #  include <memory.h>
| # endif
| # include <string.h>
| #endif
| #ifdef HAVE_STRINGS_H
| # include <strings.h>
| #endif
| #ifdef HAVE_INTTYPES_H
| # include <inttypes.h>
| #endif
| #ifdef HAVE_STDINT_H
| # include <stdint.h>
| #endif
| #ifdef HAVE_UNISTD_H
| # include <unistd.h>
| #endif
| #ifdef HAVE_SYS_ENDIAN_H
| #include <sys/endian.h>
| #endif
| 
| 
| int
| main ()
| {
| #ifndef le16enc
| #ifdef __cplusplus
|   (void) le16enc;
| #else
|   (void) le16enc;
| #endif
| #endif
| 
|   ;
|   return 0;
| }
configure:5490: result: no
configure:5507: checking for size_t
configure:5507: gcc -std=gnu99 -c -O3 -march=armv8-a+simd+fp+crypto -mcpu=cortex-a53 -mtune=cortex-a53 -funsafe-math-optimizations -mfix-cortex-a53-835769 -fvariable-expansion-in-unroller -fwhole-program -Ofast -flto -fuse-linker-plugin -ftree-loop-if-convert-stores -funwind-tables -Wall -D_REENTRANT -funroll-loops -fvariable-expansion-in-unroller -fmerge-all-constants -fbranch-target-load-optimize2 -fsched2-use-superblocks -falign-loops=16 -falign-functions=16 -falign-jumps=16 -falign-labels=16  conftest.c >&5
configure:5507: $? = 0
configure:5507: gcc -std=gnu99 -c -O3 -march=armv8-a+simd+fp+crypto -mcpu=cortex-a53 -mtune=cortex-a53 -funsafe-math-optimizations -mfix-cortex-a53-835769 -fvariable-expansion-in-unroller -fwhole-program -Ofast -flto -fuse-linker-plugin -ftree-loop-if-convert-stores -funwind-tables -Wall -D_REENTRANT -funroll-loops -fvariable-expansion-in-unroller -fmerge-all-constants -fbranch-target-load-optimize2 -fsched2-use-superblocks -falign-loops=16 -falign-functions=16 -falign-jumps=16 -falign-labels=16  conftest.c >&5
conftest.c: In function 'main':
conftest.c:66:21: error: expected expression before ')' token
 if (sizeof ((size_t)))
                     ^
configure:5507: $? = 1
configure: failed program was:
| /* confdefs.h */
| #define PACKAGE_NAME "cpuminer-multi"
| #define PACKAGE_TARNAME "cpuminer-multi"
| #define PACKAGE_VERSION "1.3-dev"
| #define PACKAGE_STRING "cpuminer-multi 1.3-dev"
| #define PACKAGE_BUGREPORT ""
| #define PACKAGE_URL ""
| #define PACKAGE "cpuminer-multi"
| #define VERSION "1.3-dev"
| #define STDC_HEADERS 1
| #define HAVE_SYS_TYPES_H 1
| #define HAVE_SYS_STAT_H 1
| #define HAVE_STDLIB_H 1
| #define HAVE_STRING_H 1
| #define HAVE_MEMORY_H 1
| #define HAVE_STRINGS_H 1
| #define HAVE_INTTYPES_H 1
| #define HAVE_STDINT_H 1
| #define HAVE_UNISTD_H 1
| #define HAVE_SYS_PARAM_H 1
| #define HAVE_SYSLOG_H 1
| #define HAVE_SYS_SYSCTL_H 1
| #define HAVE_DECL_BE32DEC 0
| #define HAVE_DECL_LE32DEC 0
| #define HAVE_DECL_BE32ENC 0
| #define HAVE_DECL_LE32ENC 0
| #define HAVE_DECL_LE16DEC 0
| #define HAVE_DECL_LE16ENC 0
| /* end confdefs.h.  */
| #include <stdio.h>
| #ifdef HAVE_SYS_TYPES_H
| # include <sys/types.h>
| #endif
| #ifdef HAVE_SYS_STAT_H
| # include <sys/stat.h>
| #endif
| #ifdef STDC_HEADERS
| # include <stdlib.h>
| # include <stddef.h>
| #else
| # ifdef HAVE_STDLIB_H
| #  include <stdlib.h>
| # endif
| #endif
| #ifdef HAVE_STRING_H
| # if !defined STDC_HEADERS && defined HAVE_MEMORY_H
| #  include <memory.h>
| # endif
| # include <string.h>
| #endif
| #ifdef HAVE_STRINGS_H
| # include <strings.h>
| #endif
| #ifdef HAVE_INTTYPES_H
| # include <inttypes.h>
| #endif
| #ifdef HAVE_STDINT_H
| # include <stdint.h>
| #endif
| #ifdef HAVE_UNISTD_H
| # include <unistd.h>
| #endif
| int
| main ()
| {
| if (sizeof ((size_t)))
| 	    return 0;
|   ;
|   return 0;
| }
configure:5507: result: yes
configure:5520: checking for working alloca.h
configure:5537: gcc -std=gnu99 -o conftest -O3 -march=armv8-a+simd+fp+crypto -mcpu=cortex-a53 -mtune=cortex-a53 -funsafe-math-optimizations -mfix-cortex-a53-835769 -fvariable-expansion-in-unroller -fwhole-program -Ofast -flto -fuse-linker-plugin -ftree-loop-if-convert-stores -funwind-tables -Wall -D_REENTRANT -funroll-loops -fvariable-expansion-in-unroller -fmerge-all-constants -fbranch-target-load-optimize2 -fsched2-use-superblocks -falign-loops=16 -falign-functions=16 -falign-jumps=16 -falign-labels=16   conftest.c  >&5
configure:5537: $? = 0
configure:5545: result: yes
configure:5553: checking for alloca
configure:5590: gcc -std=gnu99 -o conftest -O3 -march=armv8-a+simd+fp+crypto -mcpu=cortex-a53 -mtune=cortex-a53 -funsafe-math-optimizations -mfix-cortex-a53-835769 -fvariable-expansion-in-unroller -fwhole-program -Ofast -flto -fuse-linker-plugin -ftree-loop-if-convert-stores -funwind-tables -Wall -D_REENTRANT -funroll-loops -fvariable-expansion-in-unroller -fmerge-all-constants -fbranch-target-load-optimize2 -fsched2-use-superblocks -falign-loops=16 -falign-functions=16 -falign-jumps=16 -falign-labels=16   conftest.c  >&5
configure:5590: $? = 0
configure:5598: result: yes
configure:5706: checking for getopt_long
configure:5706: gcc -std=gnu99 -o conftest -O3 -march=armv8-a+simd+fp+crypto -mcpu=cortex-a53 -mtune=cortex-a53 -funsafe-math-optimizations -mfix-cortex-a53-835769 -fvariable-expansion-in-unroller -fwhole-program -Ofast -flto -fuse-linker-plugin -ftree-loop-if-convert-stores -funwind-tables -Wall -D_REENTRANT -funroll-loops -fvariable-expansion-in-unroller -fmerge-all-constants -fbranch-target-load-optimize2 -fsched2-use-superblocks -falign-loops=16 -falign-functions=16 -falign-jumps=16 -falign-labels=16   conftest.c  >&5
configure:5706: $? = 0
configure:5706: result: yes
configure:5843: checking for json_loads in -ljansson
configure:5868: gcc -std=gnu99 -o conftest -O3 -march=armv8-a+simd+fp+crypto -mcpu=cortex-a53 -mtune=cortex-a53 -funsafe-math-optimizations -mfix-cortex-a53-835769 -fvariable-expansion-in-unroller -fwhole-program -Ofast -flto -fuse-linker-plugin -ftree-loop-if-convert-stores -funwind-tables -Wall -D_REENTRANT -funroll-loops -fvariable-expansion-in-unroller -fmerge-all-constants -fbranch-target-load-optimize2 -fsched2-use-superblocks -falign-loops=16 -falign-functions=16 -falign-jumps=16 -falign-labels=16   conftest.c -ljansson   >&5
configure:5868: $? = 0
configure:5877: result: yes
configure:5930: checking for pthread_create in -lpthread
configure:5955: gcc -std=gnu99 -o conftest -O3 -march=armv8-a+simd+fp+crypto -mcpu=cortex-a53 -mtune=cortex-a53 -funsafe-math-optimizations -mfix-cortex-a53-835769 -fvariable-expansion-in-unroller -fwhole-program -Ofast -flto -fuse-linker-plugin -ftree-loop-if-convert-stores -funwind-tables -Wall -D_REENTRANT -funroll-loops -fvariable-expansion-in-unroller -fmerge-all-constants -fbranch-target-load-optimize2 -fsched2-use-superblocks -falign-loops=16 -falign-functions=16 -falign-jumps=16 -falign-labels=16   conftest.c -lpthread   >&5
configure:5955: $? = 0
configure:5964: result: yes
configure:5975: checking whether __uint128_t is supported
configure:5988: gcc -std=gnu99 -c -O3 -march=armv8-a+simd+fp+crypto -mcpu=cortex-a53 -mtune=cortex-a53 -funsafe-math-optimizations -mfix-cortex-a53-835769 -fvariable-expansion-in-unroller -fwhole-program -Ofast -flto -fuse-linker-plugin -ftree-loop-if-convert-stores -funwind-tables -Wall -D_REENTRANT -funroll-loops -fvariable-expansion-in-unroller -fmerge-all-constants -fbranch-target-load-optimize2 -fsched2-use-superblocks -falign-loops=16 -falign-functions=16 -falign-jumps=16 -falign-labels=16  conftest.c >&5
conftest.c:34:20: warning: 'i' defined but not used [-Wunused-variable]
 static __uint128_t i = 100;
                    ^
configure:5988: $? = 0
configure:5992: result: yes
configure:6232: checking that generated files are newer than configure
configure:6238: result: done
configure:6301: creating ./config.status

## ---------------------- ##
## Running config.status. ##
## ---------------------- ##

This file was extended by cpuminer-multi config.status 1.3-dev, which was
generated by GNU Autoconf 2.69.  Invocation command line was

  CONFIG_FILES    = 
  CONFIG_HEADERS  = 
  CONFIG_LINKS    = 
  CONFIG_COMMANDS = 
  $ ./config.status 

on amlogic_miner

config.status:924: creating Makefile
config.status:924: creating compat/Makefile
config.status:924: creating compat/jansson/Makefile
config.status:924: creating cpuminer-config.h
config.status:1105: cpuminer-config.h is unchanged
config.status:1153: executing depfiles commands

## ---------------- ##
## Cache variables. ##
## ---------------- ##

ac_cv_build=aarch64-unknown-linux-gnu
ac_cv_c_compiler_gnu=yes
ac_cv_cxx_compiler_gnu=yes
ac_cv_env_CCASFLAGS_set=
ac_cv_env_CCASFLAGS_value=
ac_cv_env_CCAS_set=
ac_cv_env_CCAS_value=
ac_cv_env_CCC_set=
ac_cv_env_CCC_value=
ac_cv_env_CC_set=
ac_cv_env_CC_value=
ac_cv_env_CFLAGS_set=set
ac_cv_env_CFLAGS_value='-O3 -march=armv8-a+simd+fp+crypto -mcpu=cortex-a53 -mtune=cortex-a53 -funsafe-math-optimizations -mfix-cortex-a53-835769 -fvariable-expansion-in-unroller -fwhole-program -Ofast -flto -fuse-linker-plugin -ftree-loop-if-convert-stores -funwind-tables -Wall -D_REENTRANT -funroll-loops -fvariable-expansion-in-unroller -fmerge-all-constants -fbranch-target-load-optimize2 -fsched2-use-superblocks -falign-loops=16 -falign-functions=16 -falign-jumps=16 -falign-labels=16'
ac_cv_env_CPPFLAGS_set=
ac_cv_env_CPPFLAGS_value=
ac_cv_env_CPP_set=
ac_cv_env_CPP_value=
ac_cv_env_CXXFLAGS_set=
ac_cv_env_CXXFLAGS_value=
ac_cv_env_CXX_set=
ac_cv_env_CXX_value=
ac_cv_env_LDFLAGS_set=
ac_cv_env_LDFLAGS_value=
ac_cv_env_LIBS_set=
ac_cv_env_LIBS_value=
ac_cv_env_build_alias_set=
ac_cv_env_build_alias_value=
ac_cv_env_host_alias_set=set
ac_cv_env_host_alias_value=arm-linux-gnu
ac_cv_env_target_alias_set=
ac_cv_env_target_alias_value=
ac_cv_func_alloca_works=yes
ac_cv_func_getopt_long=yes
ac_cv_have_decl_be32dec=no
ac_cv_have_decl_be32enc=no
ac_cv_have_decl_le16dec=no
ac_cv_have_decl_le16enc=no
ac_cv_have_decl_le32dec=no
ac_cv_have_decl_le32enc=no
ac_cv_header_inttypes_h=yes
ac_cv_header_memory_h=yes
ac_cv_header_stdc=yes
ac_cv_header_stdint_h=yes
ac_cv_header_stdlib_h=yes
ac_cv_header_string_h=yes
ac_cv_header_strings_h=yes
ac_cv_header_sys_endian_h=no
ac_cv_header_sys_param_h=yes
ac_cv_header_sys_stat_h=yes
ac_cv_header_sys_sysctl_h=yes
ac_cv_header_sys_types_h=yes
ac_cv_header_syslog_h=yes
ac_cv_header_unistd_h=yes
ac_cv_host=arm-unknown-linux-gnu
ac_cv_lib_jansson_json_loads=yes
ac_cv_lib_pthread_pthread_create=yes
ac_cv_objext=o
ac_cv_path_EGREP='/bin/grep -E'
ac_cv_path_GREP=/bin/grep
ac_cv_path_install='/usr/bin/install -c'
ac_cv_path_mkdir=/bin/mkdir
ac_cv_prog_AWK=gawk
ac_cv_prog_CPP='gcc -std=gnu99 -E'
ac_cv_prog_ac_ct_CC=gcc
ac_cv_prog_ac_ct_CXX=g++
ac_cv_prog_ac_ct_RANLIB=ranlib
ac_cv_prog_ac_ct_STRIP=strip
ac_cv_prog_cc_c89=
ac_cv_prog_cc_c99=-std=gnu99
ac_cv_prog_cc_g=yes
ac_cv_prog_cxx_g=yes
ac_cv_prog_gcc_traditional=no
ac_cv_prog_make_make_set=yes
ac_cv_target=arm-unknown-linux-gnu
ac_cv_type_size_t=yes
ac_cv_working_alloca_h=yes
am_cv_CCAS_dependencies_compiler_type=gcc3
am_cv_CC_dependencies_compiler_type=gcc3
am_cv_CXX_dependencies_compiler_type=gcc3
am_cv_make_support_nested_variables=yes
am_cv_prog_cc_c_o=yes

## ----------------- ##
## Output variables. ##
## ----------------- ##

ACLOCAL='${SHELL} /root/miner/cpuminer-xzc/missing aclocal-1.14'
ALLOCA=''
AMDEPBACKSLASH='\'
AMDEP_FALSE='#'
AMDEP_TRUE=''
AMTAR='$${TAR-tar}'
AM_BACKSLASH='\'
AM_DEFAULT_V='$(AM_DEFAULT_VERBOSITY)'
AM_DEFAULT_VERBOSITY='1'
AM_V='$(V)'
ARCH_ARM_FALSE=''
ARCH_ARM_TRUE='#'
ARCH_x86_64_FALSE=''
ARCH_x86_64_TRUE='#'
ARCH_x86_FALSE=''
ARCH_x86_TRUE='#'
AUTOCONF='${SHELL} /root/miner/cpuminer-xzc/missing autoconf'
AUTOHEADER='${SHELL} /root/miner/cpuminer-xzc/missing autoheader'
AUTOMAKE='${SHELL} /root/miner/cpuminer-xzc/missing automake-1.14'
AWK='gawk'
CC='gcc -std=gnu99'
CCAS='gcc -std=gnu99'
CCASDEPMODE='depmode=gcc3'
CCASFLAGS='-O3 -march=armv8-a+simd+fp+crypto -mcpu=cortex-a53 -mtune=cortex-a53 -funsafe-math-optimizations -mfix-cortex-a53-835769 -fvariable-expansion-in-unroller -fwhole-program -Ofast -flto -fuse-linker-plugin -ftree-loop-if-convert-stores -funwind-tables -Wall -D_REENTRANT -funroll-loops -fvariable-expansion-in-unroller -fmerge-all-constants -fbranch-target-load-optimize2 -fsched2-use-superblocks -falign-loops=16 -falign-functions=16 -falign-jumps=16 -falign-labels=16'
CCDEPMODE='depmode=gcc3'
CFLAGS='-O3 -march=armv8-a+simd+fp+crypto -mcpu=cortex-a53 -mtune=cortex-a53 -funsafe-math-optimizations -mfix-cortex-a53-835769 -fvariable-expansion-in-unroller -fwhole-program -Ofast -flto -fuse-linker-plugin -ftree-loop-if-convert-stores -funwind-tables -Wall -D_REENTRANT -funroll-loops -fvariable-expansion-in-unroller -fmerge-all-constants -fbranch-target-load-optimize2 -fsched2-use-superblocks -falign-loops=16 -falign-functions=16 -falign-jumps=16 -falign-labels=16  -Iyes/include -Iyes/include'
CPP='gcc -std=gnu99 -E'
CPPFLAGS='  -Iyes/include -Iyes/include'
CXX='g++'
CXXDEPMODE='depmode=gcc3'
CXXFLAGS='-g -O2'
CYGPATH_W='echo'
DEFS='-DHAVE_CONFIG_H'
DEPDIR='.deps'
ECHO_C=''
ECHO_N='-n'
ECHO_T=''
EGREP='/bin/grep -E'
EXEEXT=''
GREP='/bin/grep'
HAVE_WINDOWS_FALSE=''
HAVE_WINDOWS_TRUE='#'
INSTALL_DATA='${INSTALL} -m 644'
INSTALL_PROGRAM='${INSTALL}'
INSTALL_SCRIPT='${INSTALL}'
INSTALL_STRIP_PROGRAM='$(install_sh) -c -s'
JANSSON_LIBS='-ljansson'
LDFLAGS='  -Lyes/lib -Lyes/lib '
LIBCURL='-lcurl -lz -lssl -lcrypto'
LIBCURL_CFLAGS=' -Iyes/include -Iyes/include'
LIBCURL_CPPFLAGS=' -Iyes/include -Iyes/include'
LIBOBJS=''
LIBS=''
LTLIBOBJS=''
MAINT='#'
MAINTAINER_MODE_FALSE=''
MAINTAINER_MODE_TRUE='#'
MAKEINFO='${SHELL} /root/miner/cpuminer-xzc/missing makeinfo'
MINGW_FALSE=''
MINGW_TRUE='#'
MKDIR_P='/bin/mkdir -p'
OBJEXT='o'
PACKAGE='cpuminer-multi'
PACKAGE_BUGREPORT=''
PACKAGE_NAME='cpuminer-multi'
PACKAGE_STRING='cpuminer-multi 1.3-dev'
PACKAGE_TARNAME='cpuminer-multi'
PACKAGE_URL=''
PACKAGE_VERSION='1.3-dev'
PATH_SEPARATOR=':'
PTHREAD_FLAGS=''
PTHREAD_LIBS='-lpthread'
RANLIB='ranlib'
SET_MAKE=''
SHELL='/bin/bash'
STRIP='strip'
USE_ASM_FALSE='#'
USE_ASM_TRUE=''
VERSION='1.3-dev'
WANT_JANSSON_FALSE=''
WANT_JANSSON_TRUE='#'
WS2_LIBS=''
ac_ct_CC='gcc'
ac_ct_CXX='g++'
am__EXEEXT_FALSE=''
am__EXEEXT_TRUE='#'
am__fastdepCCAS_FALSE='#'
am__fastdepCCAS_TRUE=''
am__fastdepCC_FALSE='#'
am__fastdepCC_TRUE=''
am__fastdepCXX_FALSE='#'
am__fastdepCXX_TRUE=''
am__include='include'
am__isrc=''
am__leading_dot='.'
am__nodep='_no'
am__quote=''
am__tar='$${TAR-tar} chof - "$$tardir"'
am__untar='$${TAR-tar} xf -'
bindir='${exec_prefix}/bin'
build='aarch64-unknown-linux-gnu'
build_alias=''
build_cpu='aarch64'
build_os='linux-gnu'
build_vendor='unknown'
datadir='${datarootdir}'
datarootdir='${prefix}/share'
docdir='${datarootdir}/doc/${PACKAGE_TARNAME}'
dvidir='${docdir}'
exec_prefix='${prefix}'
host='arm-unknown-linux-gnu'
host_alias='arm-linux-gnu'
host_cpu='arm'
host_os='linux-gnu'
host_vendor='unknown'
htmldir='${docdir}'
includedir='${prefix}/include'
infodir='${datarootdir}/info'
install_sh='${SHELL} /root/miner/cpuminer-xzc/install-sh'
libdir='${exec_prefix}/lib'
libexecdir='${exec_prefix}/libexec'
localedir='${datarootdir}/locale'
localstatedir='${prefix}/var'
mandir='${datarootdir}/man'
mkdir_p='$(MKDIR_P)'
oldincludedir='/usr/include'
pdfdir='${docdir}'
prefix='/usr/local'
program_transform_name='s,x,x,'
psdir='${docdir}'
runstatedir='${localstatedir}/run'
sbindir='${exec_prefix}/sbin'
sharedstatedir='${prefix}/com'
sysconfdir='${prefix}/etc'
target='arm-unknown-linux-gnu'
target_alias=''
target_cpu='arm'
target_os='linux-gnu'
target_vendor='unknown'

## ----------- ##
## confdefs.h. ##
## ----------- ##

/* confdefs.h */
#define PACKAGE_NAME "cpuminer-multi"
#define PACKAGE_TARNAME "cpuminer-multi"
#define PACKAGE_VERSION "1.3-dev"
#define PACKAGE_STRING "cpuminer-multi 1.3-dev"
#define PACKAGE_BUGREPORT ""
#define PACKAGE_URL ""
#define PACKAGE "cpuminer-multi"
#define VERSION "1.3-dev"
#define STDC_HEADERS 1
#define HAVE_SYS_TYPES_H 1
#define HAVE_SYS_STAT_H 1
#define HAVE_STDLIB_H 1
#define HAVE_STRING_H 1
#define HAVE_MEMORY_H 1
#define HAVE_STRINGS_H 1
#define HAVE_INTTYPES_H 1
#define HAVE_STDINT_H 1
#define HAVE_UNISTD_H 1
#define HAVE_SYS_PARAM_H 1
#define HAVE_SYSLOG_H 1
#define HAVE_SYS_SYSCTL_H 1
#define HAVE_DECL_BE32DEC 0
#define HAVE_DECL_LE32DEC 0
#define HAVE_DECL_BE32ENC 0
#define HAVE_DECL_LE32ENC 0
#define HAVE_DECL_LE16DEC 0
#define HAVE_DECL_LE16ENC 0
#define HAVE_ALLOCA_H 1
#define HAVE_ALLOCA 1
#define HAVE_GETOPT_LONG 1
#define USE_ASM 1
#define USE_INT128 1

configure: exit 0
